xrun(64): 22.03-s012: (c) Copyright 1995-2023 Cadence Design Systems, Inc.
TOOL:	xrun(64)	22.03-s012: Started on Dec 21, 2024 at 12:11:59 CST
xrun
	-f run.f
		-64
		-uvmhome /opt/coe/cadence/XCELIUM/tools/methodology/UVM/CDNS-1.1d/sv
		-incdir ../sv
		../sv/yapp_pkg.sv
		top.sv
Recompiling... reason: file './top.sv' is newer than expected.
	expected: Sat Dec 21 12:06:07 2024
	actual:   Sat Dec 21 12:11:55 2024
Compiling UVM packages (uvm_pkg.sv cdns_uvm_pkg.sv) using uvmhome location /opt/coe/cadence/XCELIUM/tools/methodology/UVM/CDNS-1.1d/sv
file: top.sv
p1.randomize();
           |
xmvlog: *W,FUNTSK (top.sv,26|11): function called as a task without void'().
	module worklib.top:sv
		errors: 0, warnings: 1
		Caching library 'worklib' ....... Done
	Elaborating the design hierarchy:
	Top level design units:
		uvm_pkg
		cdns_uvmapi
		cdns_assert2uvm_pkg
		cdns_uvm_pkg
		top
xmelab: *W,DSEMEL: This SystemVerilog design will be simulated as per IEEE 1800-2009 SystemVerilog simulation semantics. Use -disable_sem2009 option for turning off SV 2009 simulation semantics.
	Building instance overlay tables: .................... Done
	Generating native compiled code:
		worklib.top:sv <0x5fa3e8e7>
			streams:  25, words: 67115
	Building instance specific data structures.
	Loading native compiled code:     .................... Done
	Design hierarchy summary:
		                       Instances  Unique
		Modules:                       1       1
		Verilog packages:              4       5
		Registers:                 12818   10115
		Named events:                  4      12
		Initial blocks:              252     147
		Parallel blocks:              26      27
		Assertions:                    2       2
		SV Class declarations:       190     305
		SV Class specializations:    339     339
	Writing initial simulation snapshot: worklib.top:sv
Loading snapshot worklib.top:sv .................... Done
SVSEED default: 1
xmsim: *W,DSEM2009: This SystemVerilog design is simulated as per IEEE 1800-2009 SystemVerilog simulation semantics. Use -disable_sem2009 option for turning off SV 2009 simulation semantics.
xcelium> source /opt/coe/cadence/XCELIUM/tools/xcelium/files/xmsimrc
xcelium> source /opt/coe/cadence/XCELIUM/tools/methodology/UVM/CDNS-1.1d/sv/files/tcl/uvm_sim.tcl
xcelium> run
----------------------------------------------------------------
CDNS-UVM-1.1d (22.03-s012)
(C) 2007-2013 Mentor Graphics Corporation
(C) 2007-2013 Cadence Design Systems, Inc.
(C) 2006-2013 Synopsys, Inc.
(C) 2011-2013 Cypress Semiconductor Corp.
----------------------------------------------------------------

  ***********       IMPORTANT RELEASE NOTES         ************

  You are using a version of the UVM library that has been compiled
  with `UVM_NO_DEPRECATED undefined.
  See http://www.eda.org/svdb/view.php?id=3313 for more details.

  You are using a version of the UVM library that has been compiled
  with `UVM_OBJECT_MUST_HAVE_CONSTRUCTOR undefined.
  See http://www.eda.org/svdb/view.php?id=3770 for more details.

      (Specify +UVM_NO_RELNOTES to turn off this notice)

------------------------------------------------
Name            Type           Size  Value      
------------------------------------------------
yapp_packet     yapp_packet    -     @2538      
  length        integral       6     'h9        
  addr          integral       2     'h0        
  payload       da(integral)   9     -          
    [0]         integral       8     'h86       
    [1]         integral       8     'hca       
    [2]         integral       8     'he7       
    [3]         integral       8     'h2        
    [4]         integral       8     'h8a       
    [5]         integral       8     'h2        
    [6]         integral       8     'h2a       
    [7]         integral       8     'h71       
    [8]         integral       8     'hca       
  parity        integral       8     'b10010100 
  parity_type   parity_type_e  1     GOOD_PARITY
  packet_delay  integral       32    'h1        
------------------------------------------------
-----------------------------------------------
Name            Type           Size  Value     
-----------------------------------------------
yapp_packet     yapp_packet    -     @2538     
  length        integral       6     'h2e      
  addr          integral       2     'h1       
  payload       da(integral)   46    -         
    [0]         integral       8     'hf9      
    [1]         integral       8     'hb2      
    [2]         integral       8     'hf4      
    [3]         integral       8     'h27      
    [4]         integral       8     'h22      
    ...         ...            ...   ...       
    [41]        integral       8     'h42      
    [42]        integral       8     'hd2      
    [43]        integral       8     'h78      
    [44]        integral       8     'h11      
    [45]        integral       8     'h75      
  parity        integral       8     'b10010100
  parity_type   parity_type_e  1     BAD_PARITY
  packet_delay  integral       32    'h4       
-----------------------------------------------
------------------------------------------------
Name            Type           Size  Value      
------------------------------------------------
yapp_packet     yapp_packet    -     @2538      
  length        integral       6     'h21       
  addr          integral       2     'h0        
  payload       da(integral)   33    -          
    [0]         integral       8     'h4a       
    [1]         integral       8     'hae       
    [2]         integral       8     'hbb       
    [3]         integral       8     'h5f       
    [4]         integral       8     'hea       
    ...         ...            ...   ...        
    [28]        integral       8     'h94       
    [29]        integral       8     'he6       
    [30]        integral       8     'h83       
    [31]        integral       8     'h81       
    [32]        integral       8     'h26       
  parity        integral       8     'b10111110 
  parity_type   parity_type_e  1     GOOD_PARITY
  packet_delay  integral       32    'hc        
------------------------------------------------
------------------------------------------------
Name            Type           Size  Value      
------------------------------------------------
yapp_packet     yapp_packet    -     @2538      
  length        integral       6     'h25       
  addr          integral       2     'h2        
  payload       da(integral)   37    -          
    [0]         integral       8     'h49       
    [1]         integral       8     'h18       
    [2]         integral       8     'h9f       
    [3]         integral       8     'hef       
    [4]         integral       8     'hf3       
    ...         ...            ...   ...        
    [32]        integral       8     'h9a       
    [33]        integral       8     'hd4       
    [34]        integral       8     'h1b       
    [35]        integral       8     'h8b       
    [36]        integral       8     'h46       
  parity        integral       8     'b100111   
  parity_type   parity_type_e  1     GOOD_PARITY
  packet_delay  integral       32    'ha        
------------------------------------------------
------------------------------------------------
Name            Type           Size  Value      
------------------------------------------------
yapp_packet     yapp_packet    -     @2538      
  length        integral       6     'h25       
  addr          integral       2     'h0        
  payload       da(integral)   37    -          
    [0]         integral       8     'h81       
    [1]         integral       8     'hcf       
    [2]         integral       8     'h34       
    [3]         integral       8     'hc4       
    [4]         integral       8     'h36       
    ...         ...            ...   ...        
    [32]        integral       8     'h81       
    [33]        integral       8     'hf3       
    [34]        integral       8     'h5d       
    [35]        integral       8     'h43       
    [36]        integral       8     'h3b       
  parity        integral       8     'b1110101  
  parity_type   parity_type_e  1     GOOD_PARITY
  packet_delay  integral       32    'h2        
------------------------------------------------
-----------------------------------------------
Name            Type           Size  Value     
-----------------------------------------------
yapp_packet     yapp_packet    -     @2538     
  length        integral       6     'h3a      
  addr          integral       2     'h0       
  payload       da(integral)   58    -         
    [0]         integral       8     'h8b      
    [1]         integral       8     'hec      
    [2]         integral       8     'hdf      
    [3]         integral       8     'h8c      
    [4]         integral       8     'h97      
    ...         ...            ...   ...       
    [53]        integral       8     'h92      
    [54]        integral       8     'h49      
    [55]        integral       8     'h9f      
    [56]        integral       8     'h29      
    [57]        integral       8     'h22      
  parity        integral       8     'b1110101 
  parity_type   parity_type_e  1     BAD_PARITY
  packet_delay  integral       32    'hd       
-----------------------------------------------
xmsim: *W,RNQUIE: Simulation is complete.
xcelium> exit
TOOL:	xrun(64)	22.03-s012: Exiting on Dec 21, 2024 at 12:12:03 CST  (total: 00:00:04)
