xrun(64): 22.03-s012: (c) Copyright 1995-2023 Cadence Design Systems, Inc.
TOOL:	xrun(64)	22.03-s012: Started on Mar 29, 2025 at 03:23:27 CDT
xrun
	-f run.f
		-64
		-timescale 1ns/1ns
		-uvmhome /opt/coe/cadence/XCELIUM/tools/methodology/UVM/CDNS-1.1d/sv
		-incdir ../../yapp/sv
		-incdir ../../hbus/sv
		-incdir ../../channel/sv
		-incdir ../../clock_and_reset/sv
		../../yapp/sv/yapp_pkg.sv
		../../hbus/sv/hbus_pkg.sv
		../../channel/sv/channel_pkg.sv
		../../clock_and_reset/sv/clock_and_reset_pkg.sv
		../../yapp/sv/yapp_if.sv
		../../hbus/sv/hbus_if.sv
		../../channel/sv/channel_if.sv
		../../clock_and_reset/sv/clock_and_reset_if.sv
		../../router_rtl/yapp_router.sv
		./clkgen.sv
		./hw_top.sv
		tb_top.sv
		+UVM_VERBOSITY=UVM_LOW
		+UVM_NO_RELNOTES
		+SVSEED=random
	+UVM_TESTNAME=check_test
	-linedebug

   User defined plus("+") options:
	+UVM_VERBOSITY=UVM_LOW
	+UVM_NO_RELNOTES

xrun: *W,BADPRF: The -linedebug option may have an adverse performance impact.
Recompiling... reason: file '../sv/router_scoreboard.sv' is newer than expected.
	expected: Sat Mar 29 02:47:31 2025
	actual:   Sat Mar 29 03:23:21 2025
Compiling UVM packages (uvm_pkg.sv cdns_uvm_pkg.sv) using uvmhome location /opt/coe/cadence/XCELIUM/tools/methodology/UVM/CDNS-1.1d/sv
file: ../../yapp/sv/yapp_pkg.sv
	req.randomize() with {
	            |
xmvlog: *W,FUNTSK (../../yapp/sv/yapp_tx_seqs.sv,178|13): function called as a task without void'().
(`include file: ../../yapp/sv/yapp_tx_seqs.sv line 178, file: ../../yapp/sv/yapp_pkg.sv line 9)
file: tb_top.sv
	module worklib.tb_top:sv
		errors: 0, warnings: 0
endmodule : top
              |
xmvlog: *W,LBLMAT (tb_top.sv,38|14): Label/name mismatch: tb_top - top.
	Total errors/warnings found outside modules and primitives:
		errors: 0, warnings: 1
		Caching library 'worklib' ....... Done
	Elaborating the design hierarchy:
	Top level design units:
		$unit_0x5cb3a600
		uvm_pkg
		cdns_uvmapi
		cdns_assert2uvm_pkg
		cdns_uvm_pkg
		yapp_pkg
		hbus_pkg
		channel_pkg
		clock_and_reset_pkg
		hw_top
		tb_top
xmelab: *W,DSEMEL: This SystemVerilog design will be simulated as per IEEE 1800-2009 SystemVerilog simulation semantics. Use -disable_sem2009 option for turning off SV 2009 simulation semantics.
	Building instance overlay tables: .................... Done
	Generating native compiled code:
		worklib.tb_top:sv <0x5826a974>
			streams: 204, words: 334728
	Building instance specific data structures.
	Loading native compiled code:     .................... Done
	Design hierarchy summary:
		                       Instances  Unique
		Modules:                       9       7
		Interfaces:                    6       4
		Verilog packages:              8       8
		Resolved nets:                 0       1
		Registers:                 18741   11563
		Scalar wires:                 64       -
		Vectored wires:               34       -
		Named events:                  5      13
		Always blocks:                20      16
		Initial blocks:              464     214
		Parallel blocks:              39      40
		Cont. assignments:            46      42
		Pseudo assignments:           37      37
		Assertions:                    3       3
		Covergroup Instances:          0       2
		Compilation units:             1       1
		SV Class declarations:       254     368
		SV Class specializations:    567     567
		Simulation timescale:      100ps
	Writing initial simulation snapshot: worklib.hw_top:sv
Loading snapshot worklib.hw_top:sv .................... Done
SVSEED set randomly from command line: -1604686412
xmsim: *W,DSEM2009: This SystemVerilog design is simulated as per IEEE 1800-2009 SystemVerilog simulation semantics. Use -disable_sem2009 option for turning off SV 2009 simulation semantics.
xcelium> source /opt/coe/cadence/XCELIUM/tools/xcelium/files/xmsimrc
xcelium> source /opt/coe/cadence/XCELIUM/tools/methodology/UVM/CDNS-1.1d/sv/files/tcl/uvm_sim.tcl
xcelium> run
----------------------------------------------------------------
CDNS-UVM-1.1d (22.03-s012)
(C) 2007-2013 Mentor Graphics Corporation
(C) 2007-2013 Cadence Design Systems, Inc.
(C) 2006-2013 Synopsys, Inc.
(C) 2011-2013 Cypress Semiconductor Corp.
----------------------------------------------------------------
UVM_INFO @ 0: reporter [RNTST] Running test check_test...
UVM_INFO @ 0: reporter [UVMTOP] UVM testbench topology:
--------------------------------------------------------------------------
Name                           Type                       Size  Value     
--------------------------------------------------------------------------
uvm_test_top                   check_test                 -     @2934     
  router_tb                    router_tb                  -     @3011     
    chan0                      channel_env                -     @4051     
      rx_agent                 channel_rx_agent           -     @4188     
        driver                 channel_rx_driver          -     @4897     
          rsp_port             uvm_analysis_port          -     @5048     
            recording_detail   integral                   32    'd1       
          seq_item_port        uvm_seq_item_pull_port     -     @4999     
            recording_detail   integral                   32    'd1       
          channel_id           integral                   32    'h0       
          recording_detail     integral                   32    'd1       
        monitor                channel_rx_monitor         -     @4195     
          item_collected_port  uvm_analysis_port          -     @4281     
            recording_detail   integral                   32    'd1       
          channel_id           integral                   32    'h0       
          checks_enable        integral                   1     'h1       
          coverage_enable      integral                   1     'h1       
          recording_detail     integral                   32    'd1       
        sequencer              channel_rx_sequencer       -     @4311     
          rsp_export           uvm_analysis_export        -     @4368     
            recording_detail   integral                   32    'd1       
          seq_item_export      uvm_seq_item_pull_imp      -     @4918     
            recording_detail   integral                   32    'd1       
          recording_detail     integral                   32    'd1       
          arbitration_queue    array                      0     -         
          lock_queue           array                      0     -         
          num_last_reqs        integral                   32    'd1       
          num_last_rsps        integral                   32    'd1       
        is_active              uvm_active_passive_enum    1     UVM_ACTIVE
        recording_detail       integral                   32    'd1       
      channel_id               integral                   32    'h0       
      checks_enable            integral                   1     'h1       
      coverage_enable          integral                   1     'h1       
      recording_detail         integral                   32    'd1       
    chan1                      channel_env                -     @4083     
      rx_agent                 channel_rx_agent           -     @5113     
        driver                 channel_rx_driver          -     @5803     
          rsp_port             uvm_analysis_port          -     @5948     
            recording_detail   integral                   32    'd1       
          seq_item_port        uvm_seq_item_pull_port     -     @5900     
            recording_detail   integral                   32    'd1       
          channel_id           integral                   32    'h1       
          recording_detail     integral                   32    'd1       
        monitor                channel_rx_monitor         -     @5112     
          item_collected_port  uvm_analysis_port          -     @5198     
            recording_detail   integral                   32    'd1       
          channel_id           integral                   32    'h1       
          checks_enable        integral                   1     'h1       
          coverage_enable      integral                   1     'h1       
          recording_detail     integral                   32    'd1       
        sequencer              channel_rx_sequencer       -     @5178     
          rsp_export           uvm_analysis_export        -     @5283     
            recording_detail   integral                   32    'd1       
          seq_item_export      uvm_seq_item_pull_imp      -     @5823     
            recording_detail   integral                   32    'd1       
          recording_detail     integral                   32    'd1       
          arbitration_queue    array                      0     -         
          lock_queue           array                      0     -         
          num_last_reqs        integral                   32    'd1       
          num_last_rsps        integral                   32    'd1       
        is_active              uvm_active_passive_enum    1     UVM_ACTIVE
        recording_detail       integral                   32    'd1       
      channel_id               integral                   32    'h1       
      checks_enable            integral                   1     'h1       
      coverage_enable          integral                   1     'h1       
      recording_detail         integral                   32    'd1       
    chan2                      channel_env                -     @4113     
      rx_agent                 channel_rx_agent           -     @5999     
        driver                 channel_rx_driver          -     @6689     
          rsp_port             uvm_analysis_port          -     @6834     
            recording_detail   integral                   32    'd1       
          seq_item_port        uvm_seq_item_pull_port     -     @6786     
            recording_detail   integral                   32    'd1       
          channel_id           integral                   32    'h2       
          recording_detail     integral                   32    'd1       
        monitor                channel_rx_monitor         -     @5998     
          item_collected_port  uvm_analysis_port          -     @6084     
            recording_detail   integral                   32    'd1       
          channel_id           integral                   32    'h2       
          checks_enable        integral                   1     'h1       
          coverage_enable      integral                   1     'h1       
          recording_detail     integral                   32    'd1       
        sequencer              channel_rx_sequencer       -     @6064     
          rsp_export           uvm_analysis_export        -     @6169     
            recording_detail   integral                   32    'd1       
          seq_item_export      uvm_seq_item_pull_imp      -     @6709     
            recording_detail   integral                   32    'd1       
          recording_detail     integral                   32    'd1       
          arbitration_queue    array                      0     -         
          lock_queue           array                      0     -         
          num_last_reqs        integral                   32    'd1       
          num_last_rsps        integral                   32    'd1       
        is_active              uvm_active_passive_enum    1     UVM_ACTIVE
        recording_detail       integral                   32    'd1       
      channel_id               integral                   32    'h2       
      checks_enable            integral                   1     'h1       
      coverage_enable          integral                   1     'h1       
      recording_detail         integral                   32    'd1       
    clk_rst_gen                clock_and_reset_env        -     @3969     
      agent                    clock_and_reset_agent      -     @6886     
        driver                 clock_and_reset_driver     -     @6875     
          rsp_port             uvm_analysis_port          -     @7018     
            recording_detail   integral                   32    'd1       
          seq_item_port        uvm_seq_item_pull_port     -     @6967     
            recording_detail   integral                   32    'd1       
          recording_detail     integral                   32    'd1       
        sequencer              clock_and_reset_sequencer  -     @6997     
          rsp_export           uvm_analysis_export        -     @7107     
            recording_detail   integral                   32    'd1       
          seq_item_export      uvm_seq_item_pull_imp      -     @7655     
            recording_detail   integral                   32    'd1       
          recording_detail     integral                   32    'd1       
          arbitration_queue    array                      0     -         
          lock_queue           array                      0     -         
          num_last_reqs        integral                   32    'd1       
          num_last_rsps        integral                   32    'd1       
        recording_detail       integral                   32    'd1       
      recording_detail         integral                   32    'd1       
    hbus                       hbus_env                   -     @4020     
      masters[0]               hbus_master_agent          -     @7801     
        driver                 hbus_master_driver         -     @8424     
          rsp_port             uvm_analysis_port          -     @8575     
            recording_detail   integral                   32    'd1       
          seq_item_port        uvm_seq_item_pull_port     -     @8526     
            recording_detail   integral                   32    'd1       
          random_delay         integral                   1     'h0       
          master_id            integral                   32    'h0       
          recording_detail     integral                   32    'd1       
        sequencer              hbus_master_sequencer      -     @7803     
          rsp_export           uvm_analysis_export        -     @7897     
            recording_detail   integral                   32    'd1       
          seq_item_export      uvm_seq_item_pull_imp      -     @8445     
            recording_detail   integral                   32    'd1       
          recording_detail     integral                   32    'd1       
          arbitration_queue    array                      0     -         
          lock_queue           array                      0     -         
          num_last_reqs        integral                   32    'd1       
          num_last_rsps        integral                   32    'd1       
        monitor                hbus_monitor               -     @7720     
        is_active              uvm_active_passive_enum    1     UVM_ACTIVE
        master_id              integral                   32    'h0       
        recording_detail       integral                   32    'd1       
      monitor                  hbus_monitor               -     @7720     
        item_collected_port    uvm_analysis_port          -     @7769     
          recording_detail     integral                   32    'd1       
        checks_enable          integral                   1     'h1       
        coverage_enable        integral                   1     'h1       
        recording_detail       integral                   32    'd1       
      num_masters              integral                   32    'h1       
      num_slaves               integral                   32    'h0       
      checks_enable            integral                   1     'h1       
      coverage_enable          integral                   1     'h1       
      recording_detail         integral                   32    'd1       
    mcseqr                     router_mcsequencer         -     @3351     
      rsp_export               uvm_analysis_export        -     @3440     
        recording_detail       integral                   32    'd1       
      seq_item_export          uvm_seq_item_pull_imp      -     @3990     
        recording_detail       integral                   32    'd1       
      recording_detail         integral                   32    'd1       
      arbitration_queue        array                      0     -         
      lock_queue               array                      0     -         
      num_last_reqs            integral                   32    'd1       
      num_last_rsps            integral                   32    'd1       
    sb                         router_scoreboard          -     @3117     
      chan0_in                 uvm_analysis_imp_chan0     -     @3222     
        recording_detail       integral                   32    'd1       
      chan1_in                 uvm_analysis_imp_chan1     -     @3273     
        recording_detail       integral                   32    'd1       
      chan2_in                 uvm_analysis_imp_chan2     -     @3322     
        recording_detail       integral                   32    'd1       
      yapp_in                  uvm_analysis_imp_yapp      -     @3171     
        recording_detail       integral                   32    'd1       
      recording_detail         integral                   32    'd1       
    yapp_env                   yapp_env                   -     @3352     
      yapp_tx_agent            yapp_tx_agent              -     @8646     
        yapp_tx_driver         yapp_tx_driver             -     @8758     
          rsp_port             uvm_analysis_port          -     @8858     
            recording_detail   integral                   32    'd1       
          seq_item_port        uvm_seq_item_pull_port     -     @8807     
            recording_detail   integral                   32    'd1       
          recording_detail     integral                   32    'd1       
        yapp_tx_monitor        yapp_tx_monitor            -     @8681     
          yapp_out             uvm_analysis_port          -     @8728     
            recording_detail   integral                   32    'd1       
          recording_detail     integral                   32    'd1       
        yapp_tx_sequencer      yapp_tx_sequencer          -     @8888     
          rsp_export           uvm_analysis_export        -     @8945     
            recording_detail   integral                   32    'd1       
          seq_item_export      uvm_seq_item_pull_imp      -     @9493     
            recording_detail   integral                   32    'd1       
          recording_detail     integral                   32    'd1       
          arbitration_queue    array                      0     -         
          lock_queue           array                      0     -         
          num_last_reqs        integral                   32    'd1       
          num_last_rsps        integral                   32    'd1       
        is_active              uvm_active_passive_enum    1     UVM_ACTIVE
        recording_detail       integral                   32    'd1       
      recording_detail         integral                   32    'd1       
--------------------------------------------------------------------------

SDI/Verilog Transaction Recording Facility Version 22.03-s012
UVM_INFO ../../yapp/sv/yapp_tx_monitor.sv(21) @ 0: uvm_test_top.router_tb.yapp_env.yapp_tx_agent.yapp_tx_monitor [Phase] Running inside Monitor
UVM_INFO ../../channel/sv/channel_rx_seqs.sv(33) @ 0: uvm_test_top.router_tb.chan2.rx_agent.sequencer@@channel_rx_resp_seq [channel_rx_resp_seq] Executing channel_rx_resp_seq (forever)
UVM_INFO ../../channel/sv/channel_rx_seqs.sv(33) @ 0: uvm_test_top.router_tb.chan1.rx_agent.sequencer@@channel_rx_resp_seq [channel_rx_resp_seq] Executing channel_rx_resp_seq (forever)
UVM_INFO ../../channel/sv/channel_rx_seqs.sv(33) @ 0: uvm_test_top.router_tb.chan0.rx_agent.sequencer@@channel_rx_resp_seq [channel_rx_resp_seq] Executing channel_rx_resp_seq (forever)
UVM_INFO ../../hbus/sv/hbus_master_seqs.sv(196) @ 0: uvm_test_top.router_tb.hbus.masters[0].sequencer@@router_simple_mcseq.h_small [hbus_small_packet_seq] Executing sequence
UVM_INFO ../../clock_and_reset/sv/clock_and_reset_seq.sv(20) @ 0: uvm_test_top.router_tb.clk_rst_gen.agent.sequencer@@clk10_rst5_seq.cr [clock_and_reset_sequence] starting body clock_and_reset_wait_seq
UVM_INFO ../../hbus/sv/hbus_master_seqs.sv(133) @ 0: uvm_test_top.router_tb.hbus.masters[0].sequencer@@router_simple_mcseq.h_small.hbus_seq [hbus_set_yapp_regs_seq] Executing sequence
UVM_INFO ../../hbus/sv/hbus_monitor.sv(101) @ 650: uvm_test_top.router_tb.hbus.monitor [hbus_monitor] Collecting Transaction
UVM_INFO ../../hbus/sv/hbus_monitor.sv(109) @ 750: uvm_test_top.router_tb.hbus.monitor [hbus_monitor] transaction collected :
------------------------------------------------------------
Name                  Type                  Size  Value     
------------------------------------------------------------
tr_collect            hbus_transaction      -     @10275    
  haddr               integral              16    'h1000    
  hdata               integral              8     'h14      
  hwr_rd              hbus_read_write_enum  1     HBUS_WRITE
  wait_between_cycle  integral              32    'h0       
  begin_time          time                  64    650       
  end_time            time                  64    750       
------------------------------------------------------------

UVM_INFO ../../hbus/sv/hbus_monitor.sv(101) @ 850: uvm_test_top.router_tb.hbus.monitor [hbus_monitor] Collecting Transaction
UVM_INFO ../../hbus/sv/hbus_master_seqs.sv(166) @ 900: uvm_test_top.router_tb.hbus.masters[0].sequencer@@router_simple_mcseq.h_read [hbus_get_yapp_regs_seq] Executing sequence
UVM_INFO ../../hbus/sv/hbus_monitor.sv(109) @ 950: uvm_test_top.router_tb.hbus.monitor [hbus_monitor] transaction collected :
------------------------------------------------------------
Name                  Type                  Size  Value     
------------------------------------------------------------
tr_collect            hbus_transaction      -     @10275    
  haddr               integral              16    'h1001    
  hdata               integral              8     'h1       
  hwr_rd              hbus_read_write_enum  1     HBUS_WRITE
  wait_between_cycle  integral              32    'h0       
  begin_time          time                  64    850       
  end_time            time                  64    950       
------------------------------------------------------------

UVM_INFO ../../hbus/sv/hbus_monitor.sv(101) @ 1050: uvm_test_top.router_tb.hbus.monitor [hbus_monitor] Collecting Transaction
UVM_INFO ../../hbus/sv/hbus_monitor.sv(109) @ 1250: uvm_test_top.router_tb.hbus.monitor [hbus_monitor] transaction collected :
-----------------------------------------------------------
Name                  Type                  Size  Value    
-----------------------------------------------------------
tr_collect            hbus_transaction      -     @10275   
  haddr               integral              16    'h1000   
  hdata               integral              8     'h14     
  hwr_rd              hbus_read_write_enum  1     HBUS_READ
  wait_between_cycle  integral              32    'h0      
  begin_time          time                  64    1050     
  end_time            time                  64    1250     
-----------------------------------------------------------

UVM_INFO ../../hbus/sv/hbus_monitor.sv(101) @ 1350: uvm_test_top.router_tb.hbus.monitor [hbus_monitor] Collecting Transaction
UVM_INFO ../../yapp/sv/yapp_tx_seqs.sv(120) @ 1500: uvm_test_top.router_tb.yapp_env.yapp_tx_agent.yapp_tx_sequencer@@router_simple_mcseq.yapp_pkt [yapp_012_seq] Executing yapp_012_seq sequence
UVM_INFO ../../hbus/sv/hbus_monitor.sv(109) @ 1550: uvm_test_top.router_tb.hbus.monitor [hbus_monitor] transaction collected :
-----------------------------------------------------------
Name                  Type                  Size  Value    
-----------------------------------------------------------
tr_collect            hbus_transaction      -     @10275   
  haddr               integral              16    'h1001   
  hdata               integral              8     'h1      
  hwr_rd              hbus_read_write_enum  1     HBUS_READ
  wait_between_cycle  integral              32    'h0      
  begin_time          time                  64    1350     
  end_time            time                  64    1550     
-----------------------------------------------------------

Writing in the yapp queue
UVM_INFO ../../yapp/sv/yapp_tx_monitor.sv(42) @ 3150: uvm_test_top.router_tb.yapp_env.yapp_tx_agent.yapp_tx_monitor [yapp_tx_monitor] Packet Collected :
----------------------------------------------------
Name            Type               Size  Value      
----------------------------------------------------
pkt             short_yapp_packet  -     @9902      
  length        integral           6     'h3        
  addr          integral           2     'h0        
  payload       da(integral)       3     -          
    [0]         integral           8     'hbd       
    [1]         integral           8     'h44       
    [2]         integral           8     'ha7       
  parity        integral           8     'b1010010  
  parity_type   parity_type_e      1     GOOD_PARITY
  packet_delay  integral           32    'h0        
  begin_time    time               64    2750       
  end_time      time               64    3150       
----------------------------------------------------

Writing in the yapp queue
UVM_INFO ../../yapp/sv/yapp_tx_monitor.sv(42) @ 6450: uvm_test_top.router_tb.yapp_env.yapp_tx_agent.yapp_tx_monitor [yapp_tx_monitor] Packet Collected :
----------------------------------------------------
Name            Type               Size  Value      
----------------------------------------------------
pkt             short_yapp_packet  -     @9709      
  length        integral           6     'hb        
  addr          integral           2     'h1        
  payload       da(integral)       11    -          
    [0]         integral           8     'hd9       
    [1]         integral           8     'hc9       
    [2]         integral           8     'hf9       
    [3]         integral           8     'h98       
    [4]         integral           8     'h4c       
    ...         ...                ...   ...        
    [6]         integral           8     'h14       
    [7]         integral           8     'h7f       
    [8]         integral           8     'he2       
    [9]         integral           8     'h5        
    [10]        integral           8     'h6f       
  parity        integral           8     'b11001011 
  parity_type   parity_type_e      1     GOOD_PARITY
  packet_delay  integral           32    'h0        
  begin_time    time               64    5250       
  end_time      time               64    6450       
----------------------------------------------------

Writing in the yapp queue
UVM_INFO ../../yapp/sv/yapp_tx_monitor.sv(42) @ 7950: uvm_test_top.router_tb.yapp_env.yapp_tx_agent.yapp_tx_monitor [yapp_tx_monitor] Packet Collected :
----------------------------------------------------
Name            Type               Size  Value      
----------------------------------------------------
pkt             short_yapp_packet  -     @9630      
  length        integral           6     'hb        
  addr          integral           2     'h2        
  payload       da(integral)       11    -          
    [0]         integral           8     'h86       
    [1]         integral           8     'hcb       
    [2]         integral           8     'hda       
    [3]         integral           8     'h6b       
    [4]         integral           8     'h2        
    ...         ...                ...   ...        
    [6]         integral           8     'hdd       
    [7]         integral           8     'h8a       
    [8]         integral           8     'hff       
    [9]         integral           8     'h34       
    [10]        integral           8     'h46       
  parity        integral           8     'b11011000 
  parity_type   parity_type_e      1     GOOD_PARITY
  packet_delay  integral           32    'h0        
  begin_time    time               64    6750       
  end_time      time               64    7950       
----------------------------------------------------

UVM_INFO ../../yapp/sv/yapp_tx_seqs.sv(120) @ 8000: uvm_test_top.router_tb.yapp_env.yapp_tx_agent.yapp_tx_sequencer@@router_simple_mcseq.yapp_pkt [yapp_012_seq] Executing yapp_012_seq sequence
UVM_ERROR ../../channel/sv/channel_rx_monitor.sv(138) @ 9750: uvm_test_top.router_tb.chan0.rx_agent.monitor [CHANNEL_ID] packet address 1 does not match Channel ID 0
UVM_INFO ../../channel/sv/channel_rx_monitor.sv(144) @ 9750: uvm_test_top.router_tb.chan0.rx_agent.monitor [channel_rx_monitor] Channel_0 Packet collected :
--------------------------------------------------
Name              Type            Size  Value     
--------------------------------------------------
packet_collected  channel_packet  -     @9923     
  length          integral        6     'h1       
  addr            integral        2     'h1       
  payload         da(integral)    1     -         
    [0]           integral        8     'h67      
  parity          integral        8     'h50      
  parity_type     parity_e        1     BAD_PARITY
  packet_delay    integral        32    'd0       
  begin_time      time            64    9450      
  end_time        time            64    9750      
--------------------------------------------------

Reading from the Chan0 queue, Packet no. : 1
UVM_ERROR ../sv/router_scoreboard.sv(91) @ 9750: uvm_test_top.router_tb.sb [PKT_COMPARE] Address mismatch YAPP 0 Chan 1
Writing in the yapp queue
UVM_INFO ../../yapp/sv/yapp_tx_monitor.sv(42) @ 9950: uvm_test_top.router_tb.yapp_env.yapp_tx_agent.yapp_tx_monitor [yapp_tx_monitor] Packet Collected :
----------------------------------------------------
Name            Type               Size  Value      
----------------------------------------------------
pkt             short_yapp_packet  -     @9613      
  length        integral           6     'h8        
  addr          integral           2     'h0        
  payload       da(integral)       8     -          
    [0]         integral           8     'hc9       
    [1]         integral           8     'hd0       
    [2]         integral           8     'h5        
    [3]         integral           8     'h67       
    [4]         integral           8     'h50       
    [5]         integral           8     'h3f       
    [6]         integral           8     'hb8       
    [7]         integral           8     'h64       
  parity        integral           8     'b11101000 
  parity_type   parity_type_e      1     GOOD_PARITY
  packet_delay  integral           32    'h0        
  begin_time    time               64    9050       
  end_time      time               64    9950       
----------------------------------------------------

Writing in the yapp queue
UVM_INFO ../../yapp/sv/yapp_tx_monitor.sv(42) @ 10950: uvm_test_top.router_tb.yapp_env.yapp_tx_agent.yapp_tx_monitor [yapp_tx_monitor] Packet Collected :
----------------------------------------------------
Name            Type               Size  Value      
----------------------------------------------------
pkt             short_yapp_packet  -     @10349     
  length        integral           6     'h3        
  addr          integral           2     'h1        
  payload       da(integral)       3     -          
    [0]         integral           8     'h9d       
    [1]         integral           8     'h52       
    [2]         integral           8     'hbf       
  parity        integral           8     'b1111101  
  parity_type   parity_type_e      1     GOOD_PARITY
  packet_delay  integral           32    'h0        
  begin_time    time               64    10550      
  end_time      time               64    10950      
----------------------------------------------------

Writing in the yapp queue
UVM_INFO ../../yapp/sv/yapp_tx_monitor.sv(42) @ 13850: uvm_test_top.router_tb.yapp_env.yapp_tx_agent.yapp_tx_monitor [yapp_tx_monitor] Packet Collected :
----------------------------------------------------
Name            Type               Size  Value      
----------------------------------------------------
pkt             short_yapp_packet  -     @9708      
  length        integral           6     'h8        
  addr          integral           2     'h2        
  payload       da(integral)       8     -          
    [0]         integral           8     'h2        
    [1]         integral           8     'h51       
    [2]         integral           8     'h8        
    [3]         integral           8     'h3a       
    [4]         integral           8     'h19       
    [5]         integral           8     'hb1       
    [6]         integral           8     'h62       
    [7]         integral           8     'h17       
  parity        integral           8     'b10011110 
  parity_type   parity_type_e      1     GOOD_PARITY
  packet_delay  integral           32    'h0        
  begin_time    time               64    12950      
  end_time      time               64    13850      
----------------------------------------------------

UVM_INFO ../../hbus/sv/hbus_master_seqs.sv(215) @ 13900: uvm_test_top.router_tb.hbus.masters[0].sequencer@@router_simple_mcseq.h_long [hbus_set_default_regs_seq] Executing sequence
UVM_INFO ../../hbus/sv/hbus_master_seqs.sv(133) @ 13900: uvm_test_top.router_tb.hbus.masters[0].sequencer@@router_simple_mcseq.h_long.hbus_seq [hbus_set_yapp_regs_seq] Executing sequence
UVM_INFO ../../hbus/sv/hbus_monitor.sv(101) @ 14050: uvm_test_top.router_tb.hbus.monitor [hbus_monitor] Collecting Transaction
UVM_INFO ../../hbus/sv/hbus_monitor.sv(109) @ 14150: uvm_test_top.router_tb.hbus.monitor [hbus_monitor] transaction collected :
------------------------------------------------------------
Name                  Type                  Size  Value     
------------------------------------------------------------
tr_collect            hbus_transaction      -     @10275    
  haddr               integral              16    'h1000    
  hdata               integral              8     'h3f      
  hwr_rd              hbus_read_write_enum  1     HBUS_WRITE
  wait_between_cycle  integral              32    'h0       
  begin_time          time                  64    14050     
  end_time            time                  64    14150     
------------------------------------------------------------

UVM_INFO ../../hbus/sv/hbus_monitor.sv(101) @ 14250: uvm_test_top.router_tb.hbus.monitor [hbus_monitor] Collecting Transaction
UVM_INFO ../../hbus/sv/hbus_master_seqs.sv(166) @ 14300: uvm_test_top.router_tb.hbus.masters[0].sequencer@@router_simple_mcseq.h_read [hbus_get_yapp_regs_seq] Executing sequence
UVM_INFO ../../hbus/sv/hbus_monitor.sv(109) @ 14350: uvm_test_top.router_tb.hbus.monitor [hbus_monitor] transaction collected :
------------------------------------------------------------
Name                  Type                  Size  Value     
------------------------------------------------------------
tr_collect            hbus_transaction      -     @10275    
  haddr               integral              16    'h1001    
  hdata               integral              8     'h1       
  hwr_rd              hbus_read_write_enum  1     HBUS_WRITE
  wait_between_cycle  integral              32    'h0       
  begin_time          time                  64    14250     
  end_time            time                  64    14350     
------------------------------------------------------------

UVM_INFO ../../hbus/sv/hbus_monitor.sv(101) @ 14450: uvm_test_top.router_tb.hbus.monitor [hbus_monitor] Collecting Transaction
UVM_INFO ../../hbus/sv/hbus_monitor.sv(109) @ 14650: uvm_test_top.router_tb.hbus.monitor [hbus_monitor] transaction collected :
-----------------------------------------------------------
Name                  Type                  Size  Value    
-----------------------------------------------------------
tr_collect            hbus_transaction      -     @10275   
  haddr               integral              16    'h1000   
  hdata               integral              8     'h3f     
  hwr_rd              hbus_read_write_enum  1     HBUS_READ
  wait_between_cycle  integral              32    'h0      
  begin_time          time                  64    14450    
  end_time            time                  64    14650    
-----------------------------------------------------------

UVM_INFO ../../hbus/sv/hbus_monitor.sv(101) @ 14750: uvm_test_top.router_tb.hbus.monitor [hbus_monitor] Collecting Transaction
UVM_INFO ../../yapp/sv/yapp_tx_seqs.sv(81) @ 14900: uvm_test_top.router_tb.yapp_env.yapp_tx_agent.yapp_tx_sequencer@@router_simple_mcseq.yapp_random_pkt [yapp_5_packets] Executing yapp_5_packets sequence
UVM_INFO ../../hbus/sv/hbus_monitor.sv(109) @ 14950: uvm_test_top.router_tb.hbus.monitor [hbus_monitor] transaction collected :
-----------------------------------------------------------
Name                  Type                  Size  Value    
-----------------------------------------------------------
tr_collect            hbus_transaction      -     @10275   
  haddr               integral              16    'h1001   
  hdata               integral              8     'h1      
  hwr_rd              hbus_read_write_enum  1     HBUS_READ
  wait_between_cycle  integral              32    'h0      
  begin_time          time                  64    14750    
  end_time            time                  64    14950    
-----------------------------------------------------------

Writing in the yapp queue
UVM_INFO ../../yapp/sv/yapp_tx_monitor.sv(42) @ 16350: uvm_test_top.router_tb.yapp_env.yapp_tx_agent.yapp_tx_monitor [yapp_tx_monitor] Packet Collected :
----------------------------------------------------
Name            Type               Size  Value      
----------------------------------------------------
pkt             short_yapp_packet  -     @10371     
  length        integral           6     'h4        
  addr          integral           2     'h2        
  payload       da(integral)       4     -          
    [0]         integral           8     'h35       
    [1]         integral           8     'hb9       
    [2]         integral           8     'ha8       
    [3]         integral           8     'h89       
  parity        integral           8     'b10111111 
  parity_type   parity_type_e      1     GOOD_PARITY
  packet_delay  integral           32    'h0        
  begin_time    time               64    15850      
  end_time      time               64    16350      
----------------------------------------------------

Writing in the yapp queue
UVM_INFO ../../yapp/sv/yapp_tx_monitor.sv(42) @ 19550: uvm_test_top.router_tb.yapp_env.yapp_tx_agent.yapp_tx_monitor [yapp_tx_monitor] Packet Collected :
----------------------------------------------------
Name            Type               Size  Value      
----------------------------------------------------
pkt             short_yapp_packet  -     @10487     
  length        integral           6     'ha        
  addr          integral           2     'h2        
  payload       da(integral)       10    -          
    [0]         integral           8     'ha        
    [1]         integral           8     'h47       
    [2]         integral           8     'hd3       
    [3]         integral           8     'h49       
    [4]         integral           8     'hd2       
    [5]         integral           8     'hbf       
    [6]         integral           8     'h30       
    [7]         integral           8     'h6f       
    [8]         integral           8     'hf4       
    [9]         integral           8     'hf5       
  parity        integral           8     'b11001110 
  parity_type   parity_type_e      1     GOOD_PARITY
  packet_delay  integral           32    'h0        
  begin_time    time               64    18450      
  end_time      time               64    19550      
----------------------------------------------------

Writing in the yapp queue
UVM_INFO ../../yapp/sv/yapp_tx_monitor.sv(42) @ 21750: uvm_test_top.router_tb.yapp_env.yapp_tx_agent.yapp_tx_monitor [yapp_tx_monitor] Packet Collected :
----------------------------------------------------
Name            Type               Size  Value      
----------------------------------------------------
pkt             short_yapp_packet  -     @10522     
  length        integral           6     'h7        
  addr          integral           2     'h2        
  payload       da(integral)       7     -          
    [0]         integral           8     'hc        
    [1]         integral           8     'h28       
    [2]         integral           8     'ha7       
    [3]         integral           8     'hff       
    [4]         integral           8     'h6c       
    [5]         integral           8     'h89       
    [6]         integral           8     'h3b       
  parity        integral           8     'b10111100 
  parity_type   parity_type_e      1     GOOD_PARITY
  packet_delay  integral           32    'h0        
  begin_time    time               64    20950      
  end_time      time               64    21750      
----------------------------------------------------

Writing in the yapp queue
UVM_INFO ../../yapp/sv/yapp_tx_monitor.sv(42) @ 25350: uvm_test_top.router_tb.yapp_env.yapp_tx_agent.yapp_tx_monitor [yapp_tx_monitor] Packet Collected :
----------------------------------------------------
Name            Type               Size  Value      
----------------------------------------------------
pkt             short_yapp_packet  -     @10370     
  length        integral           6     'he        
  addr          integral           2     'h1        
  payload       da(integral)       14    -          
    [0]         integral           8     'h8b       
    [1]         integral           8     'h98       
    [2]         integral           8     'hc3       
    [3]         integral           8     'h19       
    [4]         integral           8     'he2       
    ...         ...                ...   ...        
    [9]         integral           8     'hf5       
    [10]        integral           8     'hfd       
    [11]        integral           8     'h90       
    [12]        integral           8     'ha        
    [13]        integral           8     'h68       
  parity        integral           8     'b11100010 
  parity_type   parity_type_e      1     GOOD_PARITY
  packet_delay  integral           32    'h0        
  begin_time    time               64    23850      
  end_time      time               64    25350      
----------------------------------------------------

Writing in the yapp queue
UVM_INFO ../../yapp/sv/yapp_tx_monitor.sv(42) @ 27550: uvm_test_top.router_tb.yapp_env.yapp_tx_agent.yapp_tx_monitor [yapp_tx_monitor] Packet Collected :
----------------------------------------------------
Name            Type               Size  Value      
----------------------------------------------------
pkt             short_yapp_packet  -     @10545     
  length        integral           6     'h1        
  addr          integral           2     'h1        
  payload       da(integral)       1     -          
    [0]         integral           8     'hd        
  parity        integral           8     'b1000     
  parity_type   parity_type_e      1     GOOD_PARITY
  packet_delay  integral           32    'h0        
  begin_time    time               64    27350      
  end_time      time               64    27550      
----------------------------------------------------

Writing in the yapp queue
UVM_INFO ../../yapp/sv/yapp_tx_monitor.sv(42) @ 30650: uvm_test_top.router_tb.yapp_env.yapp_tx_agent.yapp_tx_monitor [yapp_tx_monitor] Packet Collected :
----------------------------------------------------
Name            Type               Size  Value      
----------------------------------------------------
pkt             short_yapp_packet  -     @10491     
  length        integral           6     'ha        
  addr          integral           2     'h0        
  payload       da(integral)       10    -          
    [0]         integral           8     'hc        
    [1]         integral           8     'h9a       
    [2]         integral           8     'h97       
    [3]         integral           8     'he3       
    [4]         integral           8     'h54       
    [5]         integral           8     'ha3       
    [6]         integral           8     'hf9       
    [7]         integral           8     'hac       
    [8]         integral           8     'h4e       
    [9]         integral           8     'h75       
  parity        integral           8     'b1010011  
  parity_type   parity_type_e      1     GOOD_PARITY
  packet_delay  integral           32    'h0        
  begin_time    time               64    29550      
  end_time      time               64    30650      
----------------------------------------------------

UVM_INFO /opt/coe/cadence/XCELIUM/tools/methodology/UVM/CDNS-1.1d/sv/src/base/uvm_objection.svh(1268) @ 32700: reporter [TEST_DONE] 'run' phase is ready to proceed to the 'extract' phase
UVM_INFO ../../channel/sv/channel_rx_driver.sv(94) @ 32700: uvm_test_top.router_tb.chan0.rx_agent.driver [channel_rx_driver] Report: Channel_0 RX Driver Sent 3 Responses
UVM_INFO ../../channel/sv/channel_rx_monitor.sv(157) @ 32700: uvm_test_top.router_tb.chan0.rx_agent.monitor [channel_rx_monitor] Report: Channel_0 Monitor Collected 1 Packets
UVM_INFO ../../channel/sv/channel_rx_driver.sv(94) @ 32700: uvm_test_top.router_tb.chan1.rx_agent.driver [channel_rx_driver] Report: Channel_1 RX Driver Sent 4 Responses
UVM_INFO ../../channel/sv/channel_rx_monitor.sv(157) @ 32700: uvm_test_top.router_tb.chan1.rx_agent.monitor [channel_rx_monitor] Report: Channel_1 Monitor Collected 0 Packets
UVM_INFO ../../channel/sv/channel_rx_driver.sv(94) @ 32700: uvm_test_top.router_tb.chan2.rx_agent.driver [channel_rx_driver] Report: Channel_2 RX Driver Sent 5 Responses
UVM_INFO ../../channel/sv/channel_rx_monitor.sv(157) @ 32700: uvm_test_top.router_tb.chan2.rx_agent.monitor [channel_rx_monitor] Report: Channel_2 Monitor Collected 0 Packets
UVM_INFO ../../hbus/sv/hbus_monitor.sv(132) @ 32700: uvm_test_top.router_tb.hbus.monitor [hbus_monitor] Report: HBUS Monitor Collected 4 WRITE and 4 READ Transactions
UVM_INFO ../sv/router_scoreboard.sv(111) @ 32700: uvm_test_top.router_tb.sb [SCOREBOARD] Received packets: 1

UVM_INFO ../sv/router_scoreboard.sv(112) @ 32700: uvm_test_top.router_tb.sb [SCOREBOARD] Matched packets: 0

UVM_INFO ../sv/router_scoreboard.sv(113) @ 32700: uvm_test_top.router_tb.sb [SCOREBOARD] Failed packets: 1

UVM_INFO ../sv/router_scoreboard.sv(114) @ 32700: uvm_test_top.router_tb.sb [SCOREBOARD] Remaining packets in q0: 2, q1 :4 q2: 5

UVM_INFO ../../yapp/sv/yapp_tx_driver.sv(65) @ 32700: uvm_test_top.router_tb.yapp_env.yapp_tx_agent.yapp_tx_driver [yapp_tx_driver] Report: YAPP TX driver sent 12 packets

--- UVM Report catcher Summary ---


Number of demoted UVM_FATAL reports  :    0
Number of demoted UVM_ERROR reports  :    0
Number of demoted UVM_WARNING reports:    0
Number of caught UVM_FATAL reports   :    0
Number of caught UVM_ERROR reports   :    0
Number of caught UVM_WARNING reports :    0

--- UVM Report Summary ---

** Report counts by severity
UVM_INFO :   58
UVM_WARNING :    0
UVM_ERROR :    2
UVM_FATAL :    0
** Report counts by id
[CHANNEL_ID]     1
[PKT_COMPARE]     1
[Phase]     1
[RNTST]     1
[SCOREBOARD]     4
[TEST_DONE]     1
[UVMTOP]     1
[channel_rx_driver]     3
[channel_rx_monitor]     4
[channel_rx_resp_seq]     3
[clock_and_reset_sequence]     1
[hbus_get_yapp_regs_seq]     2
[hbus_monitor]    17
[hbus_set_default_regs_seq]     1
[hbus_set_yapp_regs_seq]     2
[hbus_small_packet_seq]     1
[yapp_012_seq]     2
[yapp_5_packets]     1
[yapp_tx_driver]     1
[yapp_tx_monitor]    12
Simulation complete via $finish(1) at time 3270 NS + 46
/opt/coe/cadence/XCELIUM/tools/methodology/UVM/CDNS-1.1d/sv/src/base/uvm_root.svh:457     $finish;
xcelium> exit
TOOL:	xrun(64)	22.03-s012: Exiting on Mar 29, 2025 at 03:23:33 CDT  (total: 00:00:06)
